This is pdfTeX, Version 3.14159265-2.6-1.40.17 (TeX Live 2016) (preloaded format=pdflatex 2016.9.28)  8 MAR 2017 12:01
entering extended mode
 \write18 enabled.
 %&-line parsing enabled.
**printout.tex
(./printout.tex
LaTeX2e <2016/03/31> patch level 3
Babel <3.9r> and hyphenation patterns for 83 language(s) loaded.
(/usr/local/texlive/2016/texmf-dist/tex/latex/base/article.cls
Document Class: article 2014/09/29 v1.4h Standard LaTeX document class
(/usr/local/texlive/2016/texmf-dist/tex/latex/base/size10.clo
File: size10.clo 2014/09/29 v1.4h Standard LaTeX file (size option)
)
\c@part=\count79
\c@section=\count80
\c@subsection=\count81
\c@subsubsection=\count82
\c@paragraph=\count83
\c@subparagraph=\count84
\c@figure=\count85
\c@table=\count86
\abovecaptionskip=\skip41
\belowcaptionskip=\skip42
\bibindent=\dimen102
)
(/usr/local/texlive/2016/texmf-dist/tex/latex/placeins/placeins.sty
Package: placeins 2005/04/18  v 2.2
)
(/usr/local/texlive/2016/texmf-dist/tex/latex/graphics/graphicx.sty
Package: graphicx 2014/10/28 v1.0g Enhanced LaTeX Graphics (DPC,SPQR)

(/usr/local/texlive/2016/texmf-dist/tex/latex/graphics/keyval.sty
Package: keyval 2014/10/28 v1.15 key=value parser (DPC)
\KV@toks@=\toks14
)
(/usr/local/texlive/2016/texmf-dist/tex/latex/graphics/graphics.sty
Package: graphics 2016/07/10 v1.0t Standard LaTeX Graphics (DPC,SPQR)

(/usr/local/texlive/2016/texmf-dist/tex/latex/graphics/trig.sty
Package: trig 2016/01/03 v1.10 sin cos tan (DPC)
)
(/usr/local/texlive/2016/texmf-dist/tex/latex/graphics-cfg/graphics.cfg
File: graphics.cfg 2016/06/04 v1.11 sample graphics configuration
)
Package graphics Info: Driver file: pdftex.def on input line 99.

(/usr/local/texlive/2016/texmf-dist/tex/latex/graphics-def/pdftex.def
File: pdftex.def 2016/07/10 v0.06j Graphics/color for pdfTeX

(/usr/local/texlive/2016/texmf-dist/tex/generic/oberdiek/infwarerr.sty
Package: infwarerr 2016/05/16 v1.4 Providing info/warning/error messages (HO)
)
(/usr/local/texlive/2016/texmf-dist/tex/generic/oberdiek/ltxcmds.sty
Package: ltxcmds 2016/05/16 v1.23 LaTeX kernel commands for general use (HO)
)
\Gread@gobject=\count87
))
\Gin@req@height=\dimen103
\Gin@req@width=\dimen104
)
(/usr/local/texlive/2016/texmf-dist/tex/latex/graphics/color.sty
Package: color 2016/07/10 v1.1e Standard LaTeX Color (DPC)

(/usr/local/texlive/2016/texmf-dist/tex/latex/graphics-cfg/color.cfg
File: color.cfg 2016/01/02 v1.6 sample color configuration
)
Package color Info: Driver file: pdftex.def on input line 147.
)
(/usr/local/texlive/2016/texmf-dist/tex/latex/multirow/multirow.sty
Package: multirow 2016/09/27 v2.0 Span multiple rows of a table
\multirow@colwidth=\skip43
\multirow@cnta=\count88
\multirow@cntb=\count89
\multirow@dima=\skip44
\bigstrutjot=\dimen105
)
(/usr/local/texlive/2016/texmf-dist/tex/latex/float/float.sty
Package: float 2001/11/08 v1.3d Float enhancements (AL)
\c@float@type=\count90
\float@exts=\toks15
\float@box=\box26
\@float@everytoks=\toks16
\@floatcapt=\box27
) (./printout.aux)
\openout1 = `printout.aux'.

LaTeX Font Info:    Checking defaults for OML/cmm/m/it on input line 15.
LaTeX Font Info:    ... okay on input line 15.
LaTeX Font Info:    Checking defaults for T1/cmr/m/n on input line 15.
LaTeX Font Info:    ... okay on input line 15.
LaTeX Font Info:    Checking defaults for OT1/cmr/m/n on input line 15.
LaTeX Font Info:    ... okay on input line 15.
LaTeX Font Info:    Checking defaults for OMS/cmsy/m/n on input line 15.
LaTeX Font Info:    ... okay on input line 15.
LaTeX Font Info:    Checking defaults for OMX/cmex/m/n on input line 15.
LaTeX Font Info:    ... okay on input line 15.
LaTeX Font Info:    Checking defaults for U/cmr/m/n on input line 15.
LaTeX Font Info:    ... okay on input line 15.
(/usr/local/texlive/2016/texmf-dist/tex/context/base/mkii/supp-pdf.mkii
[Loading MPS to PDF converter (version 2006.09.02).]
\scratchcounter=\count91
\scratchdimen=\dimen106
\scratchbox=\box28
\nofMPsegments=\count92
\nofMParguments=\count93
\everyMPshowfont=\toks17
\MPscratchCnt=\count94
\MPscratchDim=\dimen107
\MPnumerator=\count95
\makeMPintoPDFobject=\count96
\everyMPtoPDFconversion=\toks18
) (/usr/local/texlive/2016/texmf-dist/tex/generic/oberdiek/pdftexcmds.sty
Package: pdftexcmds 2016/05/21 v0.22 Utility functions of pdfTeX for LuaTeX (HO
)

(/usr/local/texlive/2016/texmf-dist/tex/generic/oberdiek/ifluatex.sty
Package: ifluatex 2016/05/16 v1.4 Provides the ifluatex switch (HO)
Package ifluatex Info: LuaTeX not detected.
)
(/usr/local/texlive/2016/texmf-dist/tex/generic/oberdiek/ifpdf.sty
Package: ifpdf 2016/05/14 v3.1 Provides the ifpdf switch
)
Package pdftexcmds Info: LuaTeX not detected.
Package pdftexcmds Info: \pdf@primitive is available.
Package pdftexcmds Info: \pdf@ifprimitive is available.
Package pdftexcmds Info: \pdfdraftmode found.
)
(/usr/local/texlive/2016/texmf-dist/tex/latex/oberdiek/epstopdf-base.sty
Package: epstopdf-base 2016/05/15 v2.6 Base part for package epstopdf

(/usr/local/texlive/2016/texmf-dist/tex/latex/oberdiek/grfext.sty
Package: grfext 2016/05/16 v1.2 Manage graphics extensions (HO)

(/usr/local/texlive/2016/texmf-dist/tex/generic/oberdiek/kvdefinekeys.sty
Package: kvdefinekeys 2016/05/16 v1.4 Define keys (HO)
))
(/usr/local/texlive/2016/texmf-dist/tex/latex/oberdiek/kvoptions.sty
Package: kvoptions 2016/05/16 v3.12 Key value format for package options (HO)

(/usr/local/texlive/2016/texmf-dist/tex/generic/oberdiek/kvsetkeys.sty
Package: kvsetkeys 2016/05/16 v1.17 Key value parser (HO)

(/usr/local/texlive/2016/texmf-dist/tex/generic/oberdiek/etexcmds.sty
Package: etexcmds 2016/05/16 v1.6 Avoid name clashes with e-TeX commands (HO)
Package etexcmds Info: Could not find \expanded.
(etexcmds)             That can mean that you are not using pdfTeX 1.50 or
(etexcmds)             that some package has redefined \expanded.
(etexcmds)             In the latter case, load this package earlier.
)))
Package epstopdf-base Info: Redefining graphics rule for `.eps' on input line 4
38.
Package grfext Info: Graphics extension search list:
(grfext)             [.png,.pdf,.jpg,.mps,.jpeg,.jbig2,.jb2,.PNG,.PDF,.JPG,.JPE
G,.JBIG2,.JB2,.eps]
(grfext)             \AppendGraphicsExtensions on input line 456.

(/usr/local/texlive/2016/texmf-dist/tex/latex/latexconfig/epstopdf-sys.cfg
File: epstopdf-sys.cfg 2010/07/13 v1.3 Configuration of (r)epstopdf for TeX Liv
e
))
Package epstopdf Info: Source file: <printout_01.eps>
(epstopdf)                    date: 2017-03-08 01:05:29
(epstopdf)                    size: 40520 bytes
(epstopdf)             Output file: <printout_01-eps-converted-to.pdf>
(epstopdf)                    date: 2017-03-08 01:07:16
(epstopdf)                    size: 25215 bytes
(epstopdf)             Command: <epstopdf --outfile=printout_01-eps-converted-t
o.pdf printout_01.eps>
(epstopdf)             \includegraphics on input line 57.
Package epstopdf Info: Output file is already uptodate.

<printout_01-eps-converted-to.pdf, id=1, 482.80376pt x 394.47375pt>
File: printout_01-eps-converted-to.pdf Graphic file (type pdf)

<use printout_01-eps-converted-to.pdf>
Package pdftex.def Info: printout_01-eps-converted-to.pdf used on input line 57
.
(pdftex.def)             Requested size: 289.07999pt x 236.19852pt.
Package epstopdf Info: Source file: <printout_02.eps>
(epstopdf)                    date: 2017-03-08 01:05:29
(epstopdf)                    size: 38062 bytes
(epstopdf)             Output file: <printout_02-eps-converted-to.pdf>
(epstopdf)                    date: 2017-03-08 01:07:16
(epstopdf)                    size: 22566 bytes
(epstopdf)             Command: <epstopdf --outfile=printout_02-eps-converted-t
o.pdf printout_02.eps>
(epstopdf)             \includegraphics on input line 59.
Package epstopdf Info: Output file is already uptodate.

<printout_02-eps-converted-to.pdf, id=2, 482.80376pt x 394.47375pt> [1

{/usr/local/texlive/2016/texmf-var/fonts/map/pdftex/updmap/pdftex.map}]
File: printout_02-eps-converted-to.pdf Graphic file (type pdf)

<use printout_02-eps-converted-to.pdf>
Package pdftex.def Info: printout_02-eps-converted-to.pdf used on input line 59
.
(pdftex.def)             Requested size: 289.07999pt x 236.19852pt.
Package epstopdf Info: Source file: <printout_03.eps>
(epstopdf)                    date: 2017-03-08 01:05:29
(epstopdf)                    size: 35272 bytes
(epstopdf)             Output file: <printout_03-eps-converted-to.pdf>
(epstopdf)                    date: 2017-03-08 01:07:16
(epstopdf)                    size: 19330 bytes
(epstopdf)             Command: <epstopdf --outfile=printout_03-eps-converted-t
o.pdf printout_03.eps>
(epstopdf)             \includegraphics on input line 61.
Package epstopdf Info: Output file is already uptodate.

<printout_03-eps-converted-to.pdf, id=11, 479.7925pt x 394.47375pt>
File: printout_03-eps-converted-to.pdf Graphic file (type pdf)

<use printout_03-eps-converted-to.pdf>
Package pdftex.def Info: printout_03-eps-converted-to.pdf used on input line 61
.
(pdftex.def)             Requested size: 289.07999pt x 237.67923pt.
Package epstopdf Info: Source file: <printout_04.eps>
(epstopdf)                    date: 2017-03-08 01:05:29
(epstopdf)                    size: 35772 bytes
(epstopdf)             Output file: <printout_04-eps-converted-to.pdf>
(epstopdf)                    date: 2017-03-08 01:07:16
(epstopdf)                    size: 19559 bytes
(epstopdf)             Command: <epstopdf --outfile=printout_04-eps-converted-t
o.pdf printout_04.eps>
(epstopdf)             \includegraphics on input line 63.
Package epstopdf Info: Output file is already uptodate.

<printout_04-eps-converted-to.pdf, id=12, 479.7925pt x 394.47375pt> [2 <./print
out_01-eps-converted-to.pdf> <./printout_02-eps-converted-to.pdf>]
File: printout_04-eps-converted-to.pdf Graphic file (type pdf)

<use printout_04-eps-converted-to.pdf>
Package pdftex.def Info: printout_04-eps-converted-to.pdf used on input line 63
.
(pdftex.def)             Requested size: 289.07999pt x 237.67923pt.
LaTeX Font Info:    External font `cmex10' loaded for size
(Font)              <7> on input line 69.
LaTeX Font Info:    External font `cmex10' loaded for size
(Font)              <5> on input line 69.
 [3 <./printout_03-eps-converted-to.pdf> <./printout_04-eps-converted-to.pdf>]
Package epstopdf Info: Source file: <printout_05.eps>
(epstopdf)                    date: 2017-03-08 01:05:32
(epstopdf)                    size: 40108 bytes
(epstopdf)             Output file: <printout_05-eps-converted-to.pdf>
(epstopdf)                    date: 2017-03-08 01:07:16
(epstopdf)                    size: 24646 bytes
(epstopdf)             Command: <epstopdf --outfile=printout_05-eps-converted-t
o.pdf printout_05.eps>
(epstopdf)             \includegraphics on input line 114.
Package epstopdf Info: Output file is already uptodate.

<printout_05-eps-converted-to.pdf, id=43, 482.80376pt x 394.47375pt>
File: printout_05-eps-converted-to.pdf Graphic file (type pdf)

<use printout_05-eps-converted-to.pdf>
Package pdftex.def Info: printout_05-eps-converted-to.pdf used on input line 11
4.
(pdftex.def)             Requested size: 289.07999pt x 236.19852pt.
Package epstopdf Info: Source file: <printout_06.eps>
(epstopdf)                    date: 2017-03-08 01:05:32
(epstopdf)                    size: 38013 bytes
(epstopdf)             Output file: <printout_06-eps-converted-to.pdf>
(epstopdf)                    date: 2017-03-08 01:07:17
(epstopdf)                    size: 22246 bytes
(epstopdf)             Command: <epstopdf --outfile=printout_06-eps-converted-t
o.pdf printout_06.eps>
(epstopdf)             \includegraphics on input line 116.
Package epstopdf Info: Output file is already uptodate.

<printout_06-eps-converted-to.pdf, id=44, 474.77374pt x 394.47375pt> [4]
File: printout_06-eps-converted-to.pdf Graphic file (type pdf)

<use printout_06-eps-converted-to.pdf>
Package pdftex.def Info: printout_06-eps-converted-to.pdf used on input line 11
6.
(pdftex.def)             Requested size: 289.07999pt x 240.19525pt.
Package epstopdf Info: Source file: <printout_07.eps>
(epstopdf)                    date: 2017-03-08 01:05:33
(epstopdf)                    size: 35171 bytes
(epstopdf)             Output file: <printout_07-eps-converted-to.pdf>
(epstopdf)                    date: 2017-03-08 01:07:17
(epstopdf)                    size: 19042 bytes
(epstopdf)             Command: <epstopdf --outfile=printout_07-eps-converted-t
o.pdf printout_07.eps>
(epstopdf)             \includegraphics on input line 118.
Package epstopdf Info: Output file is already uptodate.

<printout_07-eps-converted-to.pdf, id=48, 471.7625pt x 394.47375pt>
File: printout_07-eps-converted-to.pdf Graphic file (type pdf)

<use printout_07-eps-converted-to.pdf>
Package pdftex.def Info: printout_07-eps-converted-to.pdf used on input line 11
8.
(pdftex.def)             Requested size: 289.07999pt x 241.72412pt.
Package epstopdf Info: Source file: <printout_08.eps>
(epstopdf)                    date: 2017-03-08 01:05:33
(epstopdf)                    size: 35669 bytes
(epstopdf)             Output file: <printout_08-eps-converted-to.pdf>
(epstopdf)                    date: 2017-03-08 01:07:17
(epstopdf)                    size: 19331 bytes
(epstopdf)             Command: <epstopdf --outfile=printout_08-eps-converted-t
o.pdf printout_08.eps>
(epstopdf)             \includegraphics on input line 120.
Package epstopdf Info: Output file is already uptodate.

<printout_08-eps-converted-to.pdf, id=49, 471.7625pt x 394.47375pt> [5 <./print
out_05-eps-converted-to.pdf> <./printout_06-eps-converted-to.pdf>]
File: printout_08-eps-converted-to.pdf Graphic file (type pdf)

<use printout_08-eps-converted-to.pdf>
Package pdftex.def Info: printout_08-eps-converted-to.pdf used on input line 12
0.
(pdftex.def)             Requested size: 289.07999pt x 241.72412pt.
 [6 <./printout_07-eps-converted-to.pdf> <./printout_08-eps-converted-to.pdf>]
Package epstopdf Info: Source file: <printout_09.eps>
(epstopdf)                    date: 2017-03-08 01:05:35
(epstopdf)                    size: 40652 bytes
(epstopdf)             Output file: <printout_09-eps-converted-to.pdf>
(epstopdf)                    date: 2017-03-08 01:07:17
(epstopdf)                    size: 25247 bytes
(epstopdf)             Command: <epstopdf --outfile=printout_09-eps-converted-t
o.pdf printout_09.eps>
(epstopdf)             \includegraphics on input line 174.
Package epstopdf Info: Output file is already uptodate.

<printout_09-eps-converted-to.pdf, id=80, 479.7925pt x 394.47375pt>
File: printout_09-eps-converted-to.pdf Graphic file (type pdf)

<use printout_09-eps-converted-to.pdf>
Package pdftex.def Info: printout_09-eps-converted-to.pdf used on input line 17
4.
(pdftex.def)             Requested size: 289.07999pt x 237.67923pt.
Package epstopdf Info: Source file: <printout_10.eps>
(epstopdf)                    date: 2017-03-08 01:05:36
(epstopdf)                    size: 38192 bytes
(epstopdf)             Output file: <printout_10-eps-converted-to.pdf>
(epstopdf)                    date: 2017-03-08 01:07:17
(epstopdf)                    size: 22435 bytes
(epstopdf)             Command: <epstopdf --outfile=printout_10-eps-converted-t
o.pdf printout_10.eps>
(epstopdf)             \includegraphics on input line 176.
Package epstopdf Info: Output file is already uptodate.

<printout_10-eps-converted-to.pdf, id=81, 482.80376pt x 394.47375pt> [7]
File: printout_10-eps-converted-to.pdf Graphic file (type pdf)

<use printout_10-eps-converted-to.pdf>
Package pdftex.def Info: printout_10-eps-converted-to.pdf used on input line 17
6.
(pdftex.def)             Requested size: 289.07999pt x 236.19852pt.
Package epstopdf Info: Source file: <printout_11.eps>
(epstopdf)                    date: 2017-03-08 01:05:36
(epstopdf)                    size: 35244 bytes
(epstopdf)             Output file: <printout_11-eps-converted-to.pdf>
(epstopdf)                    date: 2017-03-08 01:07:17
(epstopdf)                    size: 19172 bytes
(epstopdf)             Command: <epstopdf --outfile=printout_11-eps-converted-t
o.pdf printout_11.eps>
(epstopdf)             \includegraphics on input line 178.
Package epstopdf Info: Output file is already uptodate.

<printout_11-eps-converted-to.pdf, id=86, 479.7925pt x 394.47375pt>
File: printout_11-eps-converted-to.pdf Graphic file (type pdf)

<use printout_11-eps-converted-to.pdf>
Package pdftex.def Info: printout_11-eps-converted-to.pdf used on input line 17
8.
(pdftex.def)             Requested size: 289.07999pt x 237.67923pt.
Package epstopdf Info: Source file: <printout_12.eps>
(epstopdf)                    date: 2017-03-08 01:05:36
(epstopdf)                    size: 35780 bytes
(epstopdf)             Output file: <printout_12-eps-converted-to.pdf>
(epstopdf)                    date: 2017-03-08 01:07:18
(epstopdf)                    size: 19405 bytes
(epstopdf)             Command: <epstopdf --outfile=printout_12-eps-converted-t
o.pdf printout_12.eps>
(epstopdf)             \includegraphics on input line 180.
Package epstopdf Info: Output file is already uptodate.

<printout_12-eps-converted-to.pdf, id=87, 479.7925pt x 394.47375pt> [8 <./print
out_09-eps-converted-to.pdf> <./printout_10-eps-converted-to.pdf>]
File: printout_12-eps-converted-to.pdf Graphic file (type pdf)

<use printout_12-eps-converted-to.pdf>
Package pdftex.def Info: printout_12-eps-converted-to.pdf used on input line 18
0.
(pdftex.def)             Requested size: 289.07999pt x 237.67923pt.
 [9 <./printout_11-eps-converted-to.pdf> <./printout_12-eps-converted-to.pdf>] 
[10] (./printout.aux) ) 
Here is how much of TeX's memory you used:
 1709 strings out of 493013
 25972 string characters out of 6133343
 86595 words of memory out of 5000000
 5241 multiletter control sequences out of 15000+600000
 4413 words of font info for 17 fonts, out of 8000000 for 9000
 1141 hyphenation exceptions out of 8191
 40i,10n,25p,490b,238s stack positions out of 5000i,500n,10000p,200000b,80000s
</usr/local/texlive/2016/texmf-dist/fonts/type1/public/a
msfonts/cm/cmbx12.pfb></usr/local/texlive/2016/texmf-dist/fonts/type1/public/am
sfonts/cm/cmr10.pfb></usr/local/texlive/2016/texmf-dist/fonts/type1/public/amsf
onts/cm/cmtt10.pfb>
Output written on printout.pdf (10 pages, 268866 bytes).
PDF statistics:
 133 PDF objects out of 1000 (max. 8388607)
 93 compressed objects within 1 object stream
 0 named destinations out of 1000 (max. 500000)
 61 words of extra memory for PDF output out of 10000 (max. 10000000)

